[2025-11-28T02:48:14.906+0000] {taskinstance.py:1956} INFO - Dependencies all met for dep_context=non-requeueable deps ti=<TaskInstance: house_price_pipeline.train_model scheduled__2025-11-28T02:45:00+00:00 [queued]>
[2025-11-28T02:48:14.909+0000] {taskinstance.py:1956} INFO - Dependencies all met for dep_context=requeueable deps ti=<TaskInstance: house_price_pipeline.train_model scheduled__2025-11-28T02:45:00+00:00 [queued]>
[2025-11-28T02:48:14.910+0000] {taskinstance.py:2170} INFO - Starting attempt 1 of 1
[2025-11-28T02:48:14.915+0000] {taskinstance.py:2191} INFO - Executing <Task(PythonOperator): train_model> on 2025-11-28 02:45:00+00:00
[2025-11-28T02:48:14.919+0000] {standard_task_runner.py:60} INFO - Started process 339 to run task
[2025-11-28T02:48:14.921+0000] {standard_task_runner.py:87} INFO - Running: ['airflow', 'tasks', 'run', 'house_price_pipeline', 'train_model', 'scheduled__2025-11-28T02:45:00+00:00', '--job-id', '7', '--raw', '--subdir', 'DAGS_FOLDER/ml_pipeline_dag.py', '--cfg-path', '/tmp/tmpfqxo0s0d']
[2025-11-28T02:48:14.923+0000] {standard_task_runner.py:88} INFO - Job 7: Subtask train_model
[2025-11-28T02:48:14.932+0000] {logging_mixin.py:188} WARNING - /home/airflow/.local/lib/python3.10/site-packages/airflow/settings.py:194 DeprecationWarning: The sql_alchemy_conn option in [core] has been moved to the sql_alchemy_conn option in [database] - the old setting has been used, but please update your config.
[2025-11-28T02:48:14.952+0000] {task_command.py:423} INFO - Running <TaskInstance: house_price_pipeline.train_model scheduled__2025-11-28T02:45:00+00:00 [running]> on host 9f9bb5a1b6b6
[2025-11-28T02:48:14.989+0000] {taskinstance.py:2480} INFO - Exporting env vars: AIRFLOW_CTX_DAG_OWNER='juan_ruiz' AIRFLOW_CTX_DAG_ID='house_price_pipeline' AIRFLOW_CTX_TASK_ID='train_model' AIRFLOW_CTX_EXECUTION_DATE='2025-11-28T02:45:00+00:00' AIRFLOW_CTX_TRY_NUMBER='1' AIRFLOW_CTX_DAG_RUN_ID='scheduled__2025-11-28T02:45:00+00:00'
[2025-11-28T02:48:15.063+0000] {logging_mixin.py:188} INFO - Entrenando con 281916 muestras acumuladas...
[2025-11-28T02:48:15.117+0000] {logging_mixin.py:188} WARNING - 2025/11/28 02:48:15 WARNING ***.utils.git_utils: Failed to import Git (the Git executable is probably not on your PATH), so Git SHA is not available. Error: Failed to initialize: Bad git executable.
The git executable must be specified in one of the following ways:
    - be included in your $PATH
    - be set via $GIT_PYTHON_GIT_EXECUTABLE
    - explicitly set via git.refresh(<full-path-to-git-executable>)

All git commands will error until this is rectified.

This initial message can be silenced or aggravated in the future by setting the
$GIT_PYTHON_REFRESH environment variable. Use one of the following values:
    - quiet|q|silence|s|silent|none|n|0: for no message or exception
    - warn|w|warning|log|l|1: for a warning message (logging level CRITICAL, displayed by default)
    - error|e|exception|raise|r|2: for a raised exception

Example:
    export GIT_PYTHON_REFRESH=quiet
[2025-11-28T02:48:17.642+0000] {credentials.py:1147} INFO - Found credentials in environment variables.
[2025-11-28T02:48:17.723+0000] {logging_mixin.py:188} INFO - Modelo guardado como artefacto simple (sin Model Registry).
[2025-11-28T02:48:17.723+0000] {logging_mixin.py:188} INFO - Entrenamiento completado para chunk 004. Métricas:
[2025-11-28T02:48:17.723+0000] {logging_mixin.py:188} INFO -  - RMSE: 62170.9079
[2025-11-28T02:48:17.723+0000] {logging_mixin.py:188} INFO -  - MAE:  50552.4823
[2025-11-28T02:48:17.723+0000] {logging_mixin.py:188} INFO -  - R2:   0.2249
[2025-11-28T02:48:17.723+0000] {logging_mixin.py:188} INFO -  - MAPE: 5831.0164
[2025-11-28T02:48:17.749+0000] {logging_mixin.py:188} INFO - 🏃 View run chunk_004 at: http://***:5000/#/experiments/1/runs/439a0c861ffc4342ad3379780a6ba9f9
[2025-11-28T02:48:17.749+0000] {logging_mixin.py:188} INFO - 🧪 View experiment at: http://***:5000/#/experiments/1
[2025-11-28T02:48:17.757+0000] {python.py:201} INFO - Done. Returned value was: None
[2025-11-28T02:48:17.767+0000] {taskinstance.py:1138} INFO - Marking task as SUCCESS. dag_id=house_price_pipeline, task_id=train_model, execution_date=20251128T024500, start_date=20251128T024814, end_date=20251128T024817
[2025-11-28T02:48:17.827+0000] {local_task_job_runner.py:234} INFO - Task exited with return code 0
[2025-11-28T02:48:17.843+0000] {taskinstance.py:3280} INFO - 0 downstream tasks scheduled from follow-on schedule check
