[2025-11-28T02:57:46.796+0000] {taskinstance.py:1956} INFO - Dependencies all met for dep_context=non-requeueable deps ti=<TaskInstance: house_price_pipeline.train_model scheduled__2025-11-28T02:54:00+00:00 [queued]>
[2025-11-28T02:57:46.799+0000] {taskinstance.py:1956} INFO - Dependencies all met for dep_context=requeueable deps ti=<TaskInstance: house_price_pipeline.train_model scheduled__2025-11-28T02:54:00+00:00 [queued]>
[2025-11-28T02:57:46.799+0000] {taskinstance.py:2170} INFO - Starting attempt 1 of 1
[2025-11-28T02:57:46.804+0000] {taskinstance.py:2191} INFO - Executing <Task(PythonOperator): train_model> on 2025-11-28 02:54:00+00:00
[2025-11-28T02:57:46.808+0000] {standard_task_runner.py:60} INFO - Started process 780 to run task
[2025-11-28T02:57:46.809+0000] {standard_task_runner.py:87} INFO - Running: ['airflow', 'tasks', 'run', 'house_price_pipeline', 'train_model', 'scheduled__2025-11-28T02:54:00+00:00', '--job-id', '16', '--raw', '--subdir', 'DAGS_FOLDER/ml_pipeline_dag.py', '--cfg-path', '/tmp/tmpdvw2xb8e']
[2025-11-28T02:57:46.811+0000] {standard_task_runner.py:88} INFO - Job 16: Subtask train_model
[2025-11-28T02:57:46.819+0000] {logging_mixin.py:188} WARNING - /home/airflow/.local/lib/python3.10/site-packages/airflow/settings.py:194 DeprecationWarning: The sql_alchemy_conn option in [core] has been moved to the sql_alchemy_conn option in [database] - the old setting has been used, but please update your config.
[2025-11-28T02:57:46.833+0000] {task_command.py:423} INFO - Running <TaskInstance: house_price_pipeline.train_model scheduled__2025-11-28T02:54:00+00:00 [running]> on host 9f9bb5a1b6b6
[2025-11-28T02:57:46.868+0000] {taskinstance.py:2480} INFO - Exporting env vars: AIRFLOW_CTX_DAG_OWNER='juan_ruiz' AIRFLOW_CTX_DAG_ID='house_price_pipeline' AIRFLOW_CTX_TASK_ID='train_model' AIRFLOW_CTX_EXECUTION_DATE='2025-11-28T02:54:00+00:00' AIRFLOW_CTX_TRY_NUMBER='1' AIRFLOW_CTX_DAG_RUN_ID='scheduled__2025-11-28T02:54:00+00:00'
[2025-11-28T02:57:46.952+0000] {logging_mixin.py:188} INFO - Entrenando con 670481 muestras acumuladas...
[2025-11-28T02:57:46.993+0000] {logging_mixin.py:188} WARNING - 2025/11/28 02:57:46 WARNING ***.utils.git_utils: Failed to import Git (the Git executable is probably not on your PATH), so Git SHA is not available. Error: Failed to initialize: Bad git executable.
The git executable must be specified in one of the following ways:
    - be included in your $PATH
    - be set via $GIT_PYTHON_GIT_EXECUTABLE
    - explicitly set via git.refresh(<full-path-to-git-executable>)

All git commands will error until this is rectified.

This initial message can be silenced or aggravated in the future by setting the
$GIT_PYTHON_REFRESH environment variable. Use one of the following values:
    - quiet|q|silence|s|silent|none|n|0: for no message or exception
    - warn|w|warning|log|l|1: for a warning message (logging level CRITICAL, displayed by default)
    - error|e|exception|raise|r|2: for a raised exception

Example:
    export GIT_PYTHON_REFRESH=quiet
[2025-11-28T02:57:48.598+0000] {credentials.py:1147} INFO - Found credentials in environment variables.
[2025-11-28T02:57:48.648+0000] {logging_mixin.py:188} INFO - Modelo guardado como artefacto simple (sin Model Registry).
[2025-11-28T02:57:48.648+0000] {logging_mixin.py:188} INFO - Entrenamiento completado para chunk 007. Métricas:
[2025-11-28T02:57:48.649+0000] {logging_mixin.py:188} INFO -  - RMSE: 97565.7695
[2025-11-28T02:57:48.649+0000] {logging_mixin.py:188} INFO -  - MAE:  77859.1290
[2025-11-28T02:57:48.649+0000] {logging_mixin.py:188} INFO -  - R2:   0.2812
[2025-11-28T02:57:48.649+0000] {logging_mixin.py:188} INFO -  - MAPE: 4883.7856
[2025-11-28T02:57:48.666+0000] {logging_mixin.py:188} INFO - 🏃 View run chunk_007 at: http://***:5000/#/experiments/1/runs/05519ce7ebd146329d0ff98ab2c3d208
[2025-11-28T02:57:48.667+0000] {logging_mixin.py:188} INFO - 🧪 View experiment at: http://***:5000/#/experiments/1
[2025-11-28T02:57:48.674+0000] {python.py:201} INFO - Done. Returned value was: None
[2025-11-28T02:57:48.680+0000] {taskinstance.py:1138} INFO - Marking task as SUCCESS. dag_id=house_price_pipeline, task_id=train_model, execution_date=20251128T025400, start_date=20251128T025746, end_date=20251128T025748
[2025-11-28T02:57:48.712+0000] {local_task_job_runner.py:234} INFO - Task exited with return code 0
[2025-11-28T02:57:48.721+0000] {taskinstance.py:3280} INFO - 0 downstream tasks scheduled from follow-on schedule check
