[2025-11-28T02:46:35.091+0000] {taskinstance.py:1956} INFO - Dependencies all met for dep_context=non-requeueable deps ti=<TaskInstance: house_price_pipeline.train_model scheduled__2025-11-28T02:42:00+00:00 [queued]>
[2025-11-28T02:46:35.094+0000] {taskinstance.py:1956} INFO - Dependencies all met for dep_context=requeueable deps ti=<TaskInstance: house_price_pipeline.train_model scheduled__2025-11-28T02:42:00+00:00 [queued]>
[2025-11-28T02:46:35.095+0000] {taskinstance.py:2170} INFO - Starting attempt 1 of 1
[2025-11-28T02:46:35.108+0000] {taskinstance.py:2191} INFO - Executing <Task(PythonOperator): train_model> on 2025-11-28 02:42:00+00:00
[2025-11-28T02:46:35.112+0000] {standard_task_runner.py:60} INFO - Started process 236 to run task
[2025-11-28T02:46:35.113+0000] {standard_task_runner.py:87} INFO - Running: ['airflow', 'tasks', 'run', 'house_price_pipeline', 'train_model', 'scheduled__2025-11-28T02:42:00+00:00', '--job-id', '4', '--raw', '--subdir', 'DAGS_FOLDER/ml_pipeline_dag.py', '--cfg-path', '/tmp/tmps08deynq']
[2025-11-28T02:46:35.115+0000] {standard_task_runner.py:88} INFO - Job 4: Subtask train_model
[2025-11-28T02:46:35.121+0000] {logging_mixin.py:188} WARNING - /home/airflow/.local/lib/python3.10/site-packages/airflow/settings.py:194 DeprecationWarning: The sql_alchemy_conn option in [core] has been moved to the sql_alchemy_conn option in [database] - the old setting has been used, but please update your config.
[2025-11-28T02:46:35.136+0000] {task_command.py:423} INFO - Running <TaskInstance: house_price_pipeline.train_model scheduled__2025-11-28T02:42:00+00:00 [running]> on host 9f9bb5a1b6b6
[2025-11-28T02:46:35.171+0000] {taskinstance.py:2480} INFO - Exporting env vars: AIRFLOW_CTX_DAG_OWNER='juan_ruiz' AIRFLOW_CTX_DAG_ID='house_price_pipeline' AIRFLOW_CTX_TASK_ID='train_model' AIRFLOW_CTX_EXECUTION_DATE='2025-11-28T02:42:00+00:00' AIRFLOW_CTX_TRY_NUMBER='1' AIRFLOW_CTX_DAG_RUN_ID='scheduled__2025-11-28T02:42:00+00:00'
[2025-11-28T02:46:35.223+0000] {logging_mixin.py:188} INFO - Entrenando con 215733 muestras acumuladas...
[2025-11-28T02:46:35.478+0000] {logging_mixin.py:188} WARNING - 2025/11/28 02:46:35 INFO ***.tracking.fluent: Experiment with name 'house_price_xgb' does not exist. Creating a new experiment.
[2025-11-28T02:46:35.508+0000] {logging_mixin.py:188} WARNING - 2025/11/28 02:46:35 WARNING ***.utils.git_utils: Failed to import Git (the Git executable is probably not on your PATH), so Git SHA is not available. Error: Failed to initialize: Bad git executable.
The git executable must be specified in one of the following ways:
    - be included in your $PATH
    - be set via $GIT_PYTHON_GIT_EXECUTABLE
    - explicitly set via git.refresh(<full-path-to-git-executable>)

All git commands will error until this is rectified.

This initial message can be silenced or aggravated in the future by setting the
$GIT_PYTHON_REFRESH environment variable. Use one of the following values:
    - quiet|q|silence|s|silent|none|n|0: for no message or exception
    - warn|w|warning|log|l|1: for a warning message (logging level CRITICAL, displayed by default)
    - error|e|exception|raise|r|2: for a raised exception

Example:
    export GIT_PYTHON_REFRESH=quiet
[2025-11-28T02:46:36.543+0000] {credentials.py:1147} INFO - Found credentials in environment variables.
[2025-11-28T02:46:36.637+0000] {logging_mixin.py:188} INFO - Modelo guardado como artefacto simple (sin Model Registry).
[2025-11-28T02:46:36.637+0000] {logging_mixin.py:188} INFO - Entrenamiento completado para chunk 003. Métricas:
[2025-11-28T02:46:36.637+0000] {logging_mixin.py:188} INFO -  - RMSE: 61266.6348
[2025-11-28T02:46:36.637+0000] {logging_mixin.py:188} INFO -  - MAE:  49613.7366
[2025-11-28T02:46:36.638+0000] {logging_mixin.py:188} INFO -  - R2:   0.2280
[2025-11-28T02:46:36.638+0000] {logging_mixin.py:188} INFO -  - MAPE: 6080.9102
[2025-11-28T02:46:36.648+0000] {logging_mixin.py:188} INFO - 🏃 View run chunk_003 at: http://***:5000/#/experiments/1/runs/6e1536d6caf348db805b63f116635170
[2025-11-28T02:46:36.649+0000] {logging_mixin.py:188} INFO - 🧪 View experiment at: http://***:5000/#/experiments/1
[2025-11-28T02:46:36.655+0000] {python.py:201} INFO - Done. Returned value was: None
[2025-11-28T02:46:36.660+0000] {taskinstance.py:1138} INFO - Marking task as SUCCESS. dag_id=house_price_pipeline, task_id=train_model, execution_date=20251128T024200, start_date=20251128T024635, end_date=20251128T024636
[2025-11-28T02:46:36.670+0000] {local_task_job_runner.py:234} INFO - Task exited with return code 0
[2025-11-28T02:46:36.679+0000] {taskinstance.py:3280} INFO - 0 downstream tasks scheduled from follow-on schedule check
