[2025-11-28T02:51:30.490+0000] {taskinstance.py:1956} INFO - Dependencies all met for dep_context=non-requeueable deps ti=<TaskInstance: house_price_pipeline.train_model scheduled__2025-11-28T02:48:00+00:00 [queued]>
[2025-11-28T02:51:30.493+0000] {taskinstance.py:1956} INFO - Dependencies all met for dep_context=requeueable deps ti=<TaskInstance: house_price_pipeline.train_model scheduled__2025-11-28T02:48:00+00:00 [queued]>
[2025-11-28T02:51:30.493+0000] {taskinstance.py:2170} INFO - Starting attempt 1 of 1
[2025-11-28T02:51:30.498+0000] {taskinstance.py:2191} INFO - Executing <Task(PythonOperator): train_model> on 2025-11-28 02:48:00+00:00
[2025-11-28T02:51:30.501+0000] {standard_task_runner.py:60} INFO - Started process 486 to run task
[2025-11-28T02:51:30.503+0000] {standard_task_runner.py:87} INFO - Running: ['airflow', 'tasks', 'run', 'house_price_pipeline', 'train_model', 'scheduled__2025-11-28T02:48:00+00:00', '--job-id', '10', '--raw', '--subdir', 'DAGS_FOLDER/ml_pipeline_dag.py', '--cfg-path', '/tmp/tmpssftfa5p']
[2025-11-28T02:51:30.504+0000] {standard_task_runner.py:88} INFO - Job 10: Subtask train_model
[2025-11-28T02:51:30.511+0000] {logging_mixin.py:188} WARNING - /home/airflow/.local/lib/python3.10/site-packages/airflow/settings.py:194 DeprecationWarning: The sql_alchemy_conn option in [core] has been moved to the sql_alchemy_conn option in [database] - the old setting has been used, but please update your config.
[2025-11-28T02:51:30.526+0000] {task_command.py:423} INFO - Running <TaskInstance: house_price_pipeline.train_model scheduled__2025-11-28T02:48:00+00:00 [running]> on host 9f9bb5a1b6b6
[2025-11-28T02:51:30.558+0000] {taskinstance.py:2480} INFO - Exporting env vars: AIRFLOW_CTX_DAG_OWNER='juan_ruiz' AIRFLOW_CTX_DAG_ID='house_price_pipeline' AIRFLOW_CTX_TASK_ID='train_model' AIRFLOW_CTX_EXECUTION_DATE='2025-11-28T02:48:00+00:00' AIRFLOW_CTX_TRY_NUMBER='1' AIRFLOW_CTX_DAG_RUN_ID='scheduled__2025-11-28T02:48:00+00:00'
[2025-11-28T02:51:30.621+0000] {logging_mixin.py:188} INFO - Entrenando con 443166 muestras acumuladas...
[2025-11-28T02:51:30.655+0000] {logging_mixin.py:188} WARNING - 2025/11/28 02:51:30 WARNING ***.utils.git_utils: Failed to import Git (the Git executable is probably not on your PATH), so Git SHA is not available. Error: Failed to initialize: Bad git executable.
The git executable must be specified in one of the following ways:
    - be included in your $PATH
    - be set via $GIT_PYTHON_GIT_EXECUTABLE
    - explicitly set via git.refresh(<full-path-to-git-executable>)

All git commands will error until this is rectified.

This initial message can be silenced or aggravated in the future by setting the
$GIT_PYTHON_REFRESH environment variable. Use one of the following values:
    - quiet|q|silence|s|silent|none|n|0: for no message or exception
    - warn|w|warning|log|l|1: for a warning message (logging level CRITICAL, displayed by default)
    - error|e|exception|raise|r|2: for a raised exception

Example:
    export GIT_PYTHON_REFRESH=quiet
[2025-11-28T02:51:31.783+0000] {credentials.py:1147} INFO - Found credentials in environment variables.
[2025-11-28T02:51:31.840+0000] {logging_mixin.py:188} INFO - Modelo guardado como artefacto simple (sin Model Registry).
[2025-11-28T02:51:31.840+0000] {logging_mixin.py:188} INFO - Entrenamiento completado para chunk 005. Métricas:
[2025-11-28T02:51:31.840+0000] {logging_mixin.py:188} INFO -  - RMSE: 61943.9921
[2025-11-28T02:51:31.840+0000] {logging_mixin.py:188} INFO -  - MAE:  50302.9894
[2025-11-28T02:51:31.840+0000] {logging_mixin.py:188} INFO -  - R2:   0.2307
[2025-11-28T02:51:31.841+0000] {logging_mixin.py:188} INFO -  - MAPE: 5709.5464
[2025-11-28T02:51:31.849+0000] {logging_mixin.py:188} INFO - 🏃 View run chunk_005 at: http://***:5000/#/experiments/1/runs/ba2c60219f034a409a84f43ad055681e
[2025-11-28T02:51:31.849+0000] {logging_mixin.py:188} INFO - 🧪 View experiment at: http://***:5000/#/experiments/1
[2025-11-28T02:51:31.856+0000] {python.py:201} INFO - Done. Returned value was: None
[2025-11-28T02:51:31.863+0000] {taskinstance.py:1138} INFO - Marking task as SUCCESS. dag_id=house_price_pipeline, task_id=train_model, execution_date=20251128T024800, start_date=20251128T025130, end_date=20251128T025131
[2025-11-28T02:51:31.908+0000] {local_task_job_runner.py:234} INFO - Task exited with return code 0
[2025-11-28T02:51:31.916+0000] {taskinstance.py:3280} INFO - 0 downstream tasks scheduled from follow-on schedule check
